[2026/3/15 01:15:42] [INFO] Bridge (全知链路) 正在等待退避重启，跳过重复启动
[2026/3/15 01:48:02] [INFO] Bridge (全知链路) 正在等待退避重启，跳过重复启动
[2026/3/15 01:48:10] [INFO] Bridge (全知链路) 正在等待退避重启，跳过重复启动
[2026/3/15 01:48:28] [INFO] ⏹ 正在停止 Bridge (全知链路) (PID: null)...
[2026/3/15 01:48:28] [ERROR] 停止失败: kill ESRCH
[2026/3/15 03:19:01] [INFO] ✗ OpenClaw Gateway (核心网关) 退出 (code=1, signal=null, uptime=58024s)
[2026/3/15 05:20:03] [WARN] OpenClaw Gateway (核心网关) 僵尸进程检测: PID 21392 已不存在，清理状态
[2026/3/15 05:20:03] [INFO] 已停止 Gateway 计划任务
[2026/3/15 05:20:03] [INFO] ✓ OpenClaw Gateway (核心网关) 已启动 (PID: 14740)
[2026/3/15 05:20:03] [INFO] Memory Recorder (记忆晶石) 已在运行 (PID: 27160)
[2026/3/15 05:20:03] [INFO] Sideria Embedding Server (向量服务) 正在等待退避重启，跳过重复启动
[2026/3/15 05:20:03] [INFO] ComfyUI (绘梦引擎) 已在运行 (PID: 3604)
[2026/3/15 05:20:03] [INFO] GPT-SoVITS (灵魂之声) 已在运行 (PID: 11712)
[2026/3/15 05:20:03] [INFO] NapCat QQ (通讯底座) 已在运行 (PID: 20816)
[2026/3/15 05:20:03] [INFO] Bridge (全知链路) 正在等待退避重启，跳过重复启动
[2026/3/15 05:20:03] [INFO] gcli2api (GeminiCLI API 网关) 已在运行 (PID: 20364)
[2026/3/15 05:20:08] [INFO] Bridge (全知链路) 正在等待退避重启，跳过重复启动
[2026/3/15 05:20:09] [INFO] ✗ OpenClaw Gateway (核心网关) 退出 (code=1, signal=null, uptime=6s)
[2026/3/15 05:20:11] [WARN] OpenClaw Gateway (核心网关) 僵尸进程检测: PID 14740 已不存在，清理状态
[2026/3/15 05:20:11] [INFO] 已停止 Gateway 计划任务
[2026/3/15 05:20:11] [INFO] ✓ OpenClaw Gateway (核心网关) 已启动 (PID: 3872)
[2026/3/15 05:20:17] [INFO] ✗ OpenClaw Gateway (核心网关) 退出 (code=1, signal=null, uptime=6s)
[2026/3/15 05:26:25] [INFO] ✗ NapCat QQ (通讯底座) 退出 (code=0, signal=null, uptime=65668s)
[2026/3/15 05:26:36] [WARN] NapCat QQ (通讯底座) 僵尸进程检测: PID 20816 已不存在，清理状态
[2026/3/15 05:26:36] [INFO] ✓ NapCat QQ (通讯底座) 已启动 (PID: 18668)
[2026/3/15 05:26:37] [IMPORTANT] 
🔔 [NapCat Login] 请访问以下地址登录 QQ:
👉 http://127.0.0.1:6099/webui?token=8c1692d569c8

[2026/3/15 05:28:34] [WARN] OpenClaw Gateway (核心网关) 僵尸进程检测: PID 3872 已不存在，清理状态
[2026/3/15 05:28:34] [INFO] 已停止 Gateway 计划任务
[2026/3/15 05:28:34] [INFO] ✓ OpenClaw Gateway (核心网关) 已启动 (PID: 19468)
[2026/3/15 05:28:40] [INFO] ✗ OpenClaw Gateway (核心网关) 退出 (code=1, signal=null, uptime=5s)
[2026/3/15 05:34:46] [WARN] OpenClaw Gateway (核心网关) 僵尸进程检测: PID 19468 已不存在，清理状态
[2026/3/15 05:34:46] [INFO] 已停止 Gateway 计划任务
[2026/3/15 05:34:46] [INFO] ✓ OpenClaw Gateway (核心网关) 已启动 (PID: 21760)
[2026/3/15 05:34:48] [INFO] Sideria Embedding Server (向量服务) 正在等待退避重启，跳过重复启动
[2026/3/15 05:38:15] [INFO] ⏹ 正在停止 OpenClaw Gateway (核心网关) (PID: 21760)...
[2026/3/15 05:38:15] [INFO] ✓ 已终止 OpenClaw Gateway (核心网关) 进程树
[2026/3/15 05:38:15] [INFO] ✗ OpenClaw Gateway (核心网关) 退出 (code=1, signal=null, uptime=208s)
[2026/3/15 05:38:16] [WARN] OpenClaw Gateway (核心网关) 僵尸进程检测: PID 21760 已不存在，清理状态
[2026/3/15 05:38:16] [INFO] 已停止 Gateway 计划任务
[2026/3/15 05:38:16] [INFO] ✓ OpenClaw Gateway (核心网关) 已启动 (PID: 29692)
[2026/3/15 05:38:22] [INFO] ✗ OpenClaw Gateway (核心网关) 退出 (code=1, signal=null, uptime=6s)
[2026/3/15 05:56:18] [WARN] OpenClaw Gateway (核心网关) 僵尸进程检测: PID 29692 已不存在，清理状态
[2026/3/15 05:56:18] [INFO] 已停止 Gateway 计划任务
[2026/3/15 05:56:18] [INFO] ✓ OpenClaw Gateway (核心网关) 已启动 (PID: 20300)
[2026/3/15 05:56:18] [INFO] Memory Recorder (记忆晶石) 已在运行 (PID: 27160)
[2026/3/15 05:56:18] [INFO] Sideria Embedding Server (向量服务) 正在等待退避重启，跳过重复启动
[2026/3/15 05:56:18] [INFO] ComfyUI (绘梦引擎) 已在运行 (PID: 3604)
[2026/3/15 05:56:18] [INFO] GPT-SoVITS (灵魂之声) 已在运行 (PID: 11712)
[2026/3/15 05:56:18] [INFO] NapCat QQ (通讯底座) 已在运行 (PID: 18668)
[2026/3/15 05:56:18] [INFO] Bridge (全知链路) 正在等待退避重启，跳过重复启动
[2026/3/15 05:56:18] [INFO] gcli2api (GeminiCLI API 网关) 已在运行 (PID: 20364)
[2026/3/15 05:56:25] [INFO] ⏹ 正在停止 OpenClaw Gateway (核心网关) (PID: 20300)...
[2026/3/15 05:56:25] [INFO] ✓ 已终止 OpenClaw Gateway (核心网关) 进程树
[2026/3/15 05:56:25] [INFO] ✗ OpenClaw Gateway (核心网关) 退出 (code=1, signal=null, uptime=7s)
[2026/3/15 05:56:27] [WARN] OpenClaw Gateway (核心网关) 僵尸进程检测: PID 20300 已不存在，清理状态
[2026/3/15 05:56:27] [INFO] 已停止 Gateway 计划任务
[2026/3/15 05:56:27] [INFO] ✓ OpenClaw Gateway (核心网关) 已启动 (PID: 7640)
[2026/3/15 06:26:09] [INFO] ⏹ 正在停止 Bridge (全知链路) (PID: null)...
[2026/3/15 06:26:09] [ERROR] 停止失败: kill ESRCH
[2026/3/15 06:52:31] [INFO] ✗ OpenClaw Gateway (核心网关) 退出 (code=1, signal=null, uptime=3364s)
[2026/3/15 07:18:21] [WARN] OpenClaw Gateway (核心网关) 僵尸进程检测: PID 7640 已不存在，清理状态
[2026/3/15 07:18:21] [INFO] 已停止 Gateway 计划任务
[2026/3/15 07:18:21] [INFO] ✓ OpenClaw Gateway (核心网关) 已启动 (PID: 30356)
[2026/3/15 07:37:20] [INFO] 🚀 正在启动进程管理器...
[2026/3/15 07:37:20] [INFO] 🛡️ 兼容模式: 保留现有进程
[2026/3/15 07:37:20] [INFO] 
[2026/3/15 07:37:20] [INFO] 📋 增强功能:
[2026/3/15 07:37:20] [INFO]    ✅ 自杀防护 - 防止误杀 PM 自身
[2026/3/15 07:37:20] [INFO]    ✅ 心跳监控 - 每 5 秒更新状态
[2026/3/15 07:37:20] [INFO]    ✅ 状态持久化 - 每 30 秒保存快照
[2026/3/15 07:37:20] [INFO]    ✅ 全局异常捕获 - 防止崩溃
[2026/3/15 07:37:20] [INFO]    ✅ Live2D 手动启动 - 节省资源
[2026/3/15 07:37:20] [INFO] 
[2026/3/15 07:37:20] [INFO] 💓 心跳监控已启动 (5秒间隔)
[2026/3/15 07:37:20] [INFO] 💾 状态持久化已启动 (30秒间隔)
[2026/3/15 07:37:20] [INFO] 🏥 健康检查监控已启动 (30秒间隔)
[2026/3/15 07:37:20] [INFO] 
[2026/3/15 07:37:20] [INFO] 🔧 开始启动服务...
[2026/3/15 07:37:20] [INFO] ────────────────────────────────────────────────────────────────
[2026/3/15 07:37:20] [INFO] 📦 按配置顺序启动所有服务（已排除 live2d、gcli2api）:
[2026/3/15 07:37:20] [INFO]    1️⃣  OpenClaw Gateway (核心网关)
[2026/3/15 07:37:20] [INFO]    2️⃣  Memory Recorder (记忆晶石)
[2026/3/15 07:37:20] [INFO]    3️⃣  Sideria Embedding Server (向量服务)
[2026/3/15 07:37:20] [INFO]    4️⃣  ComfyUI (绘梦引擎)
[2026/3/15 07:37:20] [INFO]    5️⃣  GPT-SoVITS (灵魂之声)
[2026/3/15 07:37:20] [INFO]    6️⃣  NapCat QQ (通讯底座)
[2026/3/15 07:37:20] [INFO]    7️⃣  Bridge (全知链路)
[2026/3/15 07:37:20] [INFO]    ⚪ gcli2api (GeminiCLI API 网关) (手动启动)
[2026/3/15 07:37:20] [INFO] 
[2026/3/15 07:37:20] [INFO] 已停止 Gateway 计划任务
[2026/3/15 07:37:20] [INFO] ✓ OpenClaw Gateway (核心网关) 已启动 (PID: 34164)
[2026/3/15 07:37:20] [INFO] 控制接口已启动: http://127.0.0.1:29997/
[2026/3/15 07:37:20] [INFO]   GET /status           - 查看状态
[2026/3/15 07:37:20] [INFO]   GET /start            - 启动全部
[2026/3/15 07:37:20] [INFO]   GET /start?name=xxx   - 启动单个
[2026/3/15 07:37:20] [INFO]   GET /stop             - 停止全部
[2026/3/15 07:37:20] [INFO]   GET /restart          - 重启全部
[2026/3/15 07:37:20] [INFO]   GET /logs?name=xxx    - 查看日志
[2026/3/15 07:37:20] [INFO]   GET /enable?name=xxx  - 启用服务（需重启PM）
[2026/3/15 07:37:20] [INFO]   GET /disable?name=xxx - 禁用服务
[2026/3/15 07:37:23] [INFO] ⏹ 正在停止 OpenClaw Gateway (核心网关) (PID: 34164)...
[2026/3/15 07:37:23] [INFO] ✓ 已终止 OpenClaw Gateway (核心网关) 进程树
[2026/3/15 07:37:23] [INFO] ✗ OpenClaw Gateway (核心网关) 退出 (code=1, signal=null, uptime=2s)
[2026/3/15 07:37:23] [INFO] ✓ Memory Recorder (记忆晶石) 已启动 (PID: 33136)
[2026/3/15 07:37:26] [WARN] OpenClaw Gateway (核心网关) 僵尸进程检测: PID 34164 已不存在，清理状态
[2026/3/15 07:37:26] [INFO] 已停止 Gateway 计划任务
[2026/3/15 07:37:26] [INFO] ✓ OpenClaw Gateway (核心网关) 已启动 (PID: 23636)
[2026/3/15 07:37:26] [INFO] ✓ Sideria Embedding Server (向量服务) 已启动 (PID: 23892)
[2026/3/15 07:37:27] [INFO] ✗ Sideria Embedding Server (向量服务) 退出 (code=1, signal=null, uptime=0s)
[2026/3/15 07:37:27] [INFO] ↻ Sideria Embedding Server (向量服务) 将在 10s 后重启 (第 1 次)
[2026/3/15 07:37:31] [WARN] 已清理启动前占用端口 8188 的残留进程 (PID: 13004)
[2026/3/15 07:37:31] [INFO] ✓ ComfyUI (绘梦引擎) 已启动 (PID: 16572)
[2026/3/15 07:37:33] [WARN] 已清理启动前占用端口 9880 的残留进程 (PID: 15328)
[2026/3/15 07:37:33] [INFO] ✓ GPT-SoVITS (灵魂之声) 已启动 (PID: 15256)
[2026/3/15 07:37:35] [INFO] ✓ NapCat QQ (通讯底座) 已启动 (PID: 32692)
[2026/3/15 07:37:36] [IMPORTANT] 
🔔 [NapCat Login] 请访问以下地址登录 QQ:
👉 http://127.0.0.1:6100/webui?token=8c1692d569c8

[2026/3/15 07:37:37] [INFO] Sideria Embedding Server (向量服务) 正在等待退避重启，跳过重复启动
[2026/3/15 07:37:41] [INFO] ✓ Bridge (全知链路) 已启动 (PID: 23532)
[2026/3/15 07:37:42] [INFO] 
[2026/3/15 07:37:42] [INFO] ────────────────────────────────────────────────────────────────
[2026/3/15 07:37:42] [INFO] ✅ 所有服务已调度启动！
[2026/3/15 07:37:42] [INFO] 
[2026/3/15 07:37:42] [INFO] 💡 提示:
[2026/3/15 07:37:42] [INFO]    • 查看状态: node sideria-pm.js status
[2026/3/15 07:37:42] [INFO]    • 查看日志: node sideria-pm.js logs <服务名>
[2026/3/15 07:37:42] [INFO]    • 启动 gcli2api (GeminiCLI API 网关): node sideria-pm.js start gcli2api
[2026/3/15 07:37:42] [INFO]    • HTTP API: http://127.0.0.1:29997/status
[2026/3/15 07:37:42] [INFO]    • 重新配置: node sideria-pm.js setup
[2026/3/15 07:37:42] [INFO] ────────────────────────────────────────────────────────────────
[2026/3/15 07:37:42] [INFO] 
[2026/3/15 07:38:31] [INFO] ✗ OpenClaw Gateway (核心网关) 退出 (code=1, signal=null, uptime=65s)
[2026/3/15 07:39:50] [WARN] ⚠️ Bridge (全知链路) 健康检查失败 (运行时间: 130s, 连续失败: 1/5)
[2026/3/15 07:39:50] [INFO] ⏳ Bridge (全知链路) 首次健康检查失败，等待下次检查确认...
[2026/3/15 07:40:19] [WARN] OpenClaw Gateway (核心网关) 僵尸进程检测: PID 23636 已不存在，清理状态
[2026/3/15 07:40:19] [INFO] 已停止 Gateway 计划任务
[2026/3/15 07:40:19] [INFO] ✓ OpenClaw Gateway (核心网关) 已启动 (PID: 14680)
[2026/3/15 07:40:20] [WARN] ⚠️ Bridge (全知链路) 健康检查失败 (运行时间: 160s, 连续失败: 2/5)
[2026/3/15 07:40:20] [WARN] 🔄 Bridge (全知链路) 进程存在但不健康，强制重启...
[2026/3/15 07:40:20] [INFO] ✗ Bridge (全知链路) 退出 (code=1, signal=null, uptime=160s)
[2026/3/15 07:40:22] [WARN] Bridge (全知链路) 僵尸进程检测: PID 23532 已不存在，清理状态
[2026/3/15 07:40:23] [INFO] 已清理 Bridge 残留进程 (PID: 29972)
[2026/3/15 07:40:23] [INFO] ✓ Bridge (全知链路) 已启动 (PID: 27296)
[2026/3/15 07:42:50] [WARN] ⚠️ Bridge (全知链路) 健康检查失败 (运行时间: 148s, 连续失败: 1/5)
[2026/3/15 07:42:50] [INFO] ⏳ Bridge (全知链路) 首次健康检查失败，等待下次检查确认...
[2026/3/15 07:43:20] [WARN] ⚠️ Bridge (全知链路) 健康检查失败 (运行时间: 178s, 连续失败: 2/5)
[2026/3/15 07:43:20] [WARN] 🔄 Bridge (全知链路) 进程存在但不健康，强制重启...
[2026/3/15 07:43:20] [INFO] ✗ Bridge (全知链路) 退出 (code=1, signal=null, uptime=178s)
[2026/3/15 07:43:22] [WARN] Bridge (全知链路) 僵尸进程检测: PID 27296 已不存在，清理状态
[2026/3/15 07:43:23] [INFO] 已清理 Bridge 残留进程 (PID: 20056)
[2026/3/15 07:43:23] [INFO] ✓ Bridge (全知链路) 已启动 (PID: 29336)
[2026/3/15 08:02:21] [WARN] ⚠️ Bridge (全知链路) 健康检查失败 (运行时间: 1138s, 连续失败: 1/5)
[2026/3/15 08:02:21] [INFO] ⏳ Bridge (全知链路) 首次健康检查失败，等待下次检查确认...
[2026/3/15 08:02:51] [WARN] ⚠️ Bridge (全知链路) 健康检查失败 (运行时间: 1168s, 连续失败: 2/5)
[2026/3/15 08:02:51] [WARN] 🔄 Bridge (全知链路) 进程存在但不健康，强制重启...
[2026/3/15 08:02:51] [INFO] ✗ Bridge (全知链路) 退出 (code=1, signal=null, uptime=1168s)
[2026/3/15 08:02:53] [WARN] Bridge (全知链路) 僵尸进程检测: PID 29336 已不存在，清理状态
[2026/3/15 08:02:53] [INFO] 已清理 Bridge 残留进程 (PID: 22216)
[2026/3/15 08:02:53] [INFO] ✓ Bridge (全知链路) 已启动 (PID: 21660)
[2026/3/15 08:34:15] [INFO] 正在重启服务: gateway
[2026/3/15 08:34:15] [INFO] ✗ OpenClaw Gateway (核心网关) 退出 (code=1, signal=null, uptime=3236s)
[2026/3/15 08:34:16] [WARN] OpenClaw Gateway (核心网关) 僵尸进程检测: PID 14680 已不存在，清理状态
[2026/3/15 08:34:16] [INFO] 已停止 Gateway 计划任务
[2026/3/15 08:34:16] [INFO] 已清理 Gateway 残留进程 (PID: 20240)
[2026/3/15 08:34:16] [INFO] ✓ OpenClaw Gateway (核心网关) 已启动 (PID: 8824)
[2026/3/15 08:36:21] [WARN] ⚠️ Bridge (全知链路) 健康检查失败 (运行时间: 2008s, 连续失败: 1/5)
[2026/3/15 08:36:21] [INFO] ⏳ Bridge (全知链路) 首次健康检查失败，等待下次检查确认...
[2026/3/15 08:36:51] [WARN] ⚠️ Bridge (全知链路) 健康检查失败 (运行时间: 2038s, 连续失败: 2/5)
[2026/3/15 08:36:51] [WARN] 🔄 Bridge (全知链路) 进程存在但不健康，强制重启...
[2026/3/15 08:36:51] [INFO] ✗ Bridge (全知链路) 退出 (code=1, signal=null, uptime=2038s)
[2026/3/15 08:36:53] [WARN] Bridge (全知链路) 僵尸进程检测: PID 21660 已不存在，清理状态
[2026/3/15 08:36:53] [INFO] 已清理 Bridge 残留进程 (PID: 14720)
[2026/3/15 08:36:53] [INFO] ✓ Bridge (全知链路) 已启动 (PID: 30920)
[2026/3/15 08:38:51] [WARN] ⚠️ Bridge (全知链路) 健康检查失败 (运行时间: 118s, 连续失败: 1/5)
[2026/3/15 08:38:51] [INFO] ⏳ Bridge (全知链路) 首次健康检查失败，等待下次检查确认...
[2026/3/15 08:39:21] [WARN] ⚠️ Bridge (全知链路) 健康检查失败 (运行时间: 148s, 连续失败: 2/5)
[2026/3/15 08:39:21] [WARN] 🔄 Bridge (全知链路) 进程存在但不健康，强制重启...
[2026/3/15 08:39:21] [INFO] ✗ Bridge (全知链路) 退出 (code=1, signal=null, uptime=148s)
[2026/3/15 08:39:23] [WARN] Bridge (全知链路) 僵尸进程检测: PID 30920 已不存在，清理状态
[2026/3/15 08:39:23] [INFO] 已清理 Bridge 残留进程 (PID: 34004)
[2026/3/15 08:39:23] [INFO] ✓ Bridge (全知链路) 已启动 (PID: 17696)
[2026/3/15 09:07:32] [INFO] ⏹ 正在停止 OpenClaw Gateway (核心网关) (PID: 8824)...
[2026/3/15 09:07:32] [INFO] ✓ 已终止 OpenClaw Gateway (核心网关) 进程树
[2026/3/15 09:07:32] [INFO] ✗ OpenClaw Gateway (核心网关) 退出 (code=1, signal=null, uptime=1996s)
[2026/3/15 09:07:35] [WARN] OpenClaw Gateway (核心网关) 僵尸进程检测: PID 8824 已不存在，清理状态
[2026/3/15 09:07:35] [INFO] 已停止 Gateway 计划任务
[2026/3/15 09:07:35] [INFO] ✓ OpenClaw Gateway (核心网关) 已启动 (PID: 4188)
[2026/3/15 09:09:52] [WARN] ⚠️ Bridge (全知链路) 健康检查失败 (运行时间: 1828s, 连续失败: 1/5)
[2026/3/15 09:09:52] [INFO] ⏳ Bridge (全知链路) 首次健康检查失败，等待下次检查确认...
[2026/3/15 09:10:22] [WARN] ⚠️ Bridge (全知链路) 健康检查失败 (运行时间: 1858s, 连续失败: 2/5)
[2026/3/15 09:10:22] [WARN] 🔄 Bridge (全知链路) 进程存在但不健康，强制重启...
[2026/3/15 09:10:22] [INFO] ✗ Bridge (全知链路) 退出 (code=1, signal=null, uptime=1858s)
[2026/3/15 09:10:24] [WARN] Bridge (全知链路) 僵尸进程检测: PID 17696 已不存在，清理状态
[2026/3/15 09:10:24] [INFO] 已清理 Bridge 残留进程 (PID: 3540)
[2026/3/15 09:10:24] [INFO] ✓ Bridge (全知链路) 已启动 (PID: 24100)
[2026/3/15 11:30:45] [INFO] ⏹ 正在停止 OpenClaw Gateway (核心网关) (PID: 4188)...
[2026/3/15 11:30:45] [INFO] ✓ 已终止 OpenClaw Gateway (核心网关) 进程树
[2026/3/15 11:30:45] [INFO] ✗ OpenClaw Gateway (核心网关) 退出 (code=1, signal=null, uptime=8590s)
[2026/3/15 11:30:47] [WARN] OpenClaw Gateway (核心网关) 僵尸进程检测: PID 4188 已不存在，清理状态
[2026/3/15 11:30:47] [INFO] 已停止 Gateway 计划任务
[2026/3/15 11:30:47] [INFO] ✓ OpenClaw Gateway (核心网关) 已启动 (PID: 6616)
[2026/3/15 11:30:48] [WARN] 已清理启动前占用端口 7861 的残留进程 (PID: 23836)
[2026/3/15 11:30:48] [INFO] ✓ gcli2api (GeminiCLI API 网关) 已启动 (PID: 15920)
[2026/3/15 11:30:49] [INFO] ✗ OpenClaw Gateway (核心网关) 退出 (code=1, signal=null, uptime=2s)
[2026/3/15 11:39:29] [WARN] OpenClaw Gateway (核心网关) 僵尸进程检测: PID 6616 已不存在，清理状态
[2026/3/15 11:39:29] [INFO] 已停止 Gateway 计划任务
[2026/3/15 11:39:29] [INFO] ✓ OpenClaw Gateway (核心网关) 已启动 (PID: 6068)
[2026/3/15 11:41:54] [WARN] ⚠️ Bridge (全知链路) 健康检查失败 (运行时间: 9090s, 连续失败: 1/5)
[2026/3/15 11:41:54] [INFO] ⏳ Bridge (全知链路) 首次健康检查失败，等待下次检查确认...
[2026/3/15 11:42:24] [WARN] ⚠️ Bridge (全知链路) 健康检查失败 (运行时间: 9120s, 连续失败: 2/5)
[2026/3/15 11:42:24] [WARN] 🔄 Bridge (全知链路) 进程存在但不健康，强制重启...
[2026/3/15 11:42:24] [INFO] ✗ Bridge (全知链路) 退出 (code=1, signal=null, uptime=9120s)
[2026/3/15 11:42:26] [WARN] Bridge (全知链路) 僵尸进程检测: PID 24100 已不存在，清理状态
[2026/3/15 11:42:26] [INFO] 已清理 Bridge 残留进程 (PID: 10680)
[2026/3/15 11:42:26] [INFO] ✓ Bridge (全知链路) 已启动 (PID: 28136)
[2026/3/15 12:37:09] [INFO] ✗ OpenClaw Gateway (核心网关) 退出 (code=1, signal=null, uptime=3461s)
[2026/3/15 12:53:23] [WARN] OpenClaw Gateway (核心网关) 僵尸进程检测: PID 6068 已不存在，清理状态
[2026/3/15 12:53:23] [INFO] 已停止 Gateway 计划任务
[2026/3/15 12:53:23] [INFO] ✓ OpenClaw Gateway (核心网关) 已启动 (PID: 16640)
[2026/3/15 12:59:25] [WARN] ⚠️ Bridge (全知链路) 健康检查失败 (运行时间: 4619s, 连续失败: 1/5)
[2026/3/15 12:59:25] [INFO] ⏳ Bridge (全知链路) 首次健康检查失败，等待下次检查确认...
[2026/3/15 12:59:55] [WARN] ⚠️ Bridge (全知链路) 健康检查失败 (运行时间: 4649s, 连续失败: 2/5)
[2026/3/15 12:59:55] [WARN] 🔄 Bridge (全知链路) 进程存在但不健康，强制重启...
[2026/3/15 12:59:55] [INFO] ✗ Bridge (全知链路) 退出 (code=1, signal=null, uptime=4649s)
[2026/3/15 12:59:57] [WARN] Bridge (全知链路) 僵尸进程检测: PID 28136 已不存在，清理状态
[2026/3/15 12:59:57] [INFO] 已清理 Bridge 残留进程 (PID: 26744)
[2026/3/15 12:59:57] [INFO] ✓ Bridge (全知链路) 已启动 (PID: 17024)
[2026/3/15 13:03:55] [WARN] ⚠️ Bridge (全知链路) 健康检查失败 (运行时间: 238s, 连续失败: 1/5)
[2026/3/15 13:03:55] [INFO] ⏳ Bridge (全知链路) 首次健康检查失败，等待下次检查确认...
[2026/3/15 13:04:25] [WARN] ⚠️ Bridge (全知链路) 健康检查失败 (运行时间: 268s, 连续失败: 2/5)
[2026/3/15 13:04:25] [WARN] 🔄 Bridge (全知链路) 进程存在但不健康，强制重启...
[2026/3/15 13:04:25] [INFO] ✗ Bridge (全知链路) 退出 (code=1, signal=null, uptime=268s)
[2026/3/15 13:04:27] [WARN] Bridge (全知链路) 僵尸进程检测: PID 17024 已不存在，清理状态
[2026/3/15 13:04:28] [INFO] 已清理 Bridge 残留进程 (PID: 19192)
[2026/3/15 13:04:28] [INFO] ✓ Bridge (全知链路) 已启动 (PID: 16984)
[2026/3/15 13:06:55] [WARN] ⚠️ Bridge (全知链路) 健康检查失败 (运行时间: 148s, 连续失败: 1/5)
[2026/3/15 13:06:55] [INFO] ⏳ Bridge (全知链路) 首次健康检查失败，等待下次检查确认...
[2026/3/15 13:07:25] [WARN] ⚠️ Bridge (全知链路) 健康检查失败 (运行时间: 178s, 连续失败: 2/5)
[2026/3/15 13:07:25] [WARN] 🔄 Bridge (全知链路) 进程存在但不健康，强制重启...
[2026/3/15 13:07:25] [INFO] ✗ Bridge (全知链路) 退出 (code=1, signal=null, uptime=178s)
[2026/3/15 13:07:27] [WARN] Bridge (全知链路) 僵尸进程检测: PID 16984 已不存在，清理状态
[2026/3/15 13:07:28] [INFO] 已清理 Bridge 残留进程 (PID: 6920)
[2026/3/15 13:07:28] [INFO] ✓ Bridge (全知链路) 已启动 (PID: 22152)
[2026/3/15 13:51:56] [WARN] ⚠️ Bridge (全知链路) 健康检查失败 (运行时间: 2669s, 连续失败: 1/5)
[2026/3/15 13:51:56] [INFO] ⏳ Bridge (全知链路) 首次健康检查失败，等待下次检查确认...
[2026/3/15 13:52:26] [WARN] ⚠️ Bridge (全知链路) 健康检查失败 (运行时间: 2699s, 连续失败: 2/5)
[2026/3/15 13:52:26] [WARN] 🔄 Bridge (全知链路) 进程存在但不健康，强制重启...
[2026/3/15 13:52:26] [INFO] ✗ Bridge (全知链路) 退出 (code=1, signal=null, uptime=2699s)
[2026/3/15 13:52:28] [WARN] Bridge (全知链路) 僵尸进程检测: PID 22152 已不存在，清理状态
[2026/3/15 13:52:28] [INFO] 已清理 Bridge 残留进程 (PID: 16940)
[2026/3/15 13:52:28] [INFO] ✓ Bridge (全知链路) 已启动 (PID: 26040)
[2026/3/15 14:15:56] [WARN] ⚠️ Bridge (全知链路) 健康检查失败 (运行时间: 1408s, 连续失败: 1/5)
[2026/3/15 14:15:56] [INFO] ⏳ Bridge (全知链路) 首次健康检查失败，等待下次检查确认...
[2026/3/15 14:16:26] [WARN] ⚠️ Bridge (全知链路) 健康检查失败 (运行时间: 1438s, 连续失败: 2/5)
[2026/3/15 14:16:26] [WARN] 🔄 Bridge (全知链路) 进程存在但不健康，强制重启...
[2026/3/15 14:16:26] [INFO] ✗ Bridge (全知链路) 退出 (code=1, signal=null, uptime=1438s)
[2026/3/15 14:16:28] [WARN] Bridge (全知链路) 僵尸进程检测: PID 26040 已不存在，清理状态
[2026/3/15 14:16:29] [INFO] 已清理 Bridge 残留进程 (PID: 31848)
[2026/3/15 14:16:29] [INFO] ✓ Bridge (全知链路) 已启动 (PID: 16968)
[2026/3/15 14:34:27] [WARN] ⚠️ Bridge (全知链路) 健康检查失败 (运行时间: 1078s, 连续失败: 1/5)
[2026/3/15 14:34:27] [INFO] ⏳ Bridge (全知链路) 首次健康检查失败，等待下次检查确认...
[2026/3/15 14:34:57] [WARN] ⚠️ Bridge (全知链路) 健康检查失败 (运行时间: 1108s, 连续失败: 2/5)
[2026/3/15 14:34:57] [WARN] 🔄 Bridge (全知链路) 进程存在但不健康，强制重启...
[2026/3/15 14:34:57] [INFO] ✗ Bridge (全知链路) 退出 (code=1, signal=null, uptime=1108s)
[2026/3/15 14:34:59] [WARN] Bridge (全知链路) 僵尸进程检测: PID 16968 已不存在，清理状态
[2026/3/15 14:34:59] [INFO] 已清理 Bridge 残留进程 (PID: 29836)
[2026/3/15 14:34:59] [INFO] ✓ Bridge (全知链路) 已启动 (PID: 34620)
[2026/3/15 16:43:59] [WARN] ⚠️ Bridge (全知链路) 健康检查失败 (运行时间: 7740s, 连续失败: 1/5)
[2026/3/15 16:43:59] [INFO] ⏳ Bridge (全知链路) 首次健康检查失败，等待下次检查确认...
[2026/3/15 16:44:29] [WARN] ⚠️ Bridge (全知链路) 健康检查失败 (运行时间: 7770s, 连续失败: 2/5)
[2026/3/15 16:44:29] [WARN] 🔄 Bridge (全知链路) 进程存在但不健康，强制重启...
[2026/3/15 16:44:29] [INFO] ✗ Bridge (全知链路) 退出 (code=1, signal=null, uptime=7770s)
[2026/3/15 16:44:31] [WARN] Bridge (全知链路) 僵尸进程检测: PID 34620 已不存在，清理状态
[2026/3/15 16:44:31] [INFO] 已清理 Bridge 残留进程 (PID: 33568)
[2026/3/15 16:44:31] [INFO] ✓ Bridge (全知链路) 已启动 (PID: 25360)
[2026/3/15 16:47:59] [WARN] ⚠️ Bridge (全知链路) 健康检查失败 (运行时间: 208s, 连续失败: 1/5)
[2026/3/15 16:47:59] [INFO] ⏳ Bridge (全知链路) 首次健康检查失败，等待下次检查确认...
[2026/3/15 16:48:29] [WARN] ⚠️ Bridge (全知链路) 健康检查失败 (运行时间: 238s, 连续失败: 2/5)
[2026/3/15 16:48:29] [WARN] 🔄 Bridge (全知链路) 进程存在但不健康，强制重启...
[2026/3/15 16:48:29] [INFO] ✗ Bridge (全知链路) 退出 (code=1, signal=null, uptime=238s)
[2026/3/15 16:48:31] [WARN] Bridge (全知链路) 僵尸进程检测: PID 25360 已不存在，清理状态
[2026/3/15 16:48:31] [INFO] 已清理 Bridge 残留进程 (PID: 12244)
[2026/3/15 16:48:31] [INFO] ✓ Bridge (全知链路) 已启动 (PID: 33252)
[2026/3/15 16:52:29] [WARN] ⚠️ Bridge (全知链路) 健康检查失败 (运行时间: 238s, 连续失败: 1/5)
[2026/3/15 16:52:29] [INFO] ⏳ Bridge (全知链路) 首次健康检查失败，等待下次检查确认...
[2026/3/15 16:52:59] [WARN] ⚠️ Bridge (全知链路) 健康检查失败 (运行时间: 268s, 连续失败: 2/5)
[2026/3/15 16:52:59] [WARN] 🔄 Bridge (全知链路) 进程存在但不健康，强制重启...
[2026/3/15 16:52:59] [INFO] ✗ Bridge (全知链路) 退出 (code=1, signal=null, uptime=268s)
[2026/3/15 16:53:01] [WARN] Bridge (全知链路) 僵尸进程检测: PID 33252 已不存在，清理状态
[2026/3/15 16:53:01] [INFO] 已清理 Bridge 残留进程 (PID: 11628)
[2026/3/15 16:53:01] [INFO] ✓ Bridge (全知链路) 已启动 (PID: 12624)
[2026/3/15 16:59:29] [WARN] ⚠️ Bridge (全知链路) 健康检查失败 (运行时间: 388s, 连续失败: 1/5)
[2026/3/15 16:59:29] [INFO] ⏳ Bridge (全知链路) 首次健康检查失败，等待下次检查确认...
[2026/3/15 16:59:59] [WARN] ⚠️ Bridge (全知链路) 健康检查失败 (运行时间: 418s, 连续失败: 2/5)
[2026/3/15 16:59:59] [WARN] 🔄 Bridge (全知链路) 进程存在但不健康，强制重启...
[2026/3/15 16:59:59] [INFO] ✗ Bridge (全知链路) 退出 (code=1, signal=null, uptime=418s)
[2026/3/15 17:00:01] [WARN] Bridge (全知链路) 僵尸进程检测: PID 12624 已不存在，清理状态
[2026/3/15 17:00:01] [INFO] 已清理 Bridge 残留进程 (PID: 16080)
[2026/3/15 17:00:01] [INFO] ✓ Bridge (全知链路) 已启动 (PID: 6788)
